trunk_V2.4.0/IMKit/build/outputs/logs/manifest-merger-debug-report.txt
-- Merging decision tree log ---
manifest
ADDED from src\main\AndroidManifest.xml:2:1-174:12
INJECTED from src\main\AndroidManifest.xml:2:1-174:12
INJECTED from src\main\AndroidManifest.xml:2:1-174:12
INJECTED from src\main\AndroidManifest.xml:2:1-174:12
INJECTED from src\main\AndroidManifest.xml:2:1-174:12
INJECTED from src\main\AndroidManifest.xml:2:1-174:12
INJECTED from src\main\AndroidManifest.xml:2:1-174:12
	package
		ADDED from src\main\AndroidManifest.xml:4:5-28
		INJECTED from src\main\AndroidManifest.xml
		INJECTED from src\main\AndroidManifest.xml
	android:versionName
		INJECTED from src\main\AndroidManifest.xml
		ADDED from src\main\AndroidManifest.xml:2:1-174:12
		INJECTED from src\main\AndroidManifest.xml
	xmlns:tools
		ADDED from src\main\AndroidManifest.xml:3:5-51
	android:versionCode
		INJECTED from src\main\AndroidManifest.xml
		ADDED from src\main\AndroidManifest.xml:2:1-174:12
		INJECTED from src\main\AndroidManifest.xml
	xmlns:android
		ADDED from src\main\AndroidManifest.xml:2:11-69
uses-permission#android.permission.READ_EXTERNAL_STORAGE
ADDED from src\main\AndroidManifest.xml:7:5-80
	android:name
		ADDED from src\main\AndroidManifest.xml:7:22-77
uses-permission#android.permission.CAMERA
ADDED from src\main\AndroidManifest.xml:12:5-65
	android:name
		ADDED from src\main\AndroidManifest.xml:12:22-62
uses-permission#android.permission.WRITE_SETTINGS
ADDED from src\main\AndroidManifest.xml:14:5-16:47
	tools:ignore
		ADDED from src\main\AndroidManifest.xml:16:9-44
	android:name
		ADDED from src\main\AndroidManifest.xml:15:9-57
uses-permission#android.permission.CHANGE_WIFI_STATE
ADDED from src\main\AndroidManifest.xml:18:5-76
	android:name
		ADDED from src\main\AndroidManifest.xml:18:22-73
uses-permission#android.permission.INTERNET
ADDED from src\main\AndroidManifest.xml:19:5-67
	android:name
		ADDED from src\main\AndroidManifest.xml:19:22-64
uses-permission#android.permission.ACCESS_NETWORK_STATE
ADDED from src\main\AndroidManifest.xml:20:5-79
	android:name
		ADDED from src\main\AndroidManifest.xml:20:22-76
uses-permission#android.permission.ACCESS_WIFI_STATE
ADDED from src\main\AndroidManifest.xml:21:5-76
	android:name
		ADDED from src\main\AndroidManifest.xml:21:22-73
uses-permission#android.permission.RECORD_AUDIO
ADDED from src\main\AndroidManifest.xml:23:5-71
	android:name
		ADDED from src\main\AndroidManifest.xml:23:22-68
uses-permission#android.permission.GET_TASKS
ADDED from src\main\AndroidManifest.xml:25:5-68
	android:name
		ADDED from src\main\AndroidManifest.xml:25:22-65
uses-permission#android.permission.REQUEST_INSTALL_PACKAGES
ADDED from src\main\AndroidManifest.xml:27:5-83
	android:name
		ADDED from src\main\AndroidManifest.xml:27:22-80
uses-permission#android.permission.WRITE_EXTERNAL_STORAGE
ADDED from src\main\AndroidManifest.xml:29:5-81
	android:name
		ADDED from src\main\AndroidManifest.xml:29:22-78
uses-permission#android.permission.VIBRATE
ADDED from src\main\AndroidManifest.xml:31:5-66
	android:name
		ADDED from src\main\AndroidManifest.xml:31:22-63
application
ADDED from src\main\AndroidManifest.xml:33:5-172:19
activity#io.rong.imkit.plugin.location.AMapLocationActivity
ADDED from src\main\AndroidManifest.xml:35:9-37:52
	android:screenOrientation
		ADDED from src\main\AndroidManifest.xml:37:13-49
	android:name
		ADDED from src\main\AndroidManifest.xml:36:13-78
activity#io.rong.imkit.plugin.location.AMapLocationActivity2D
ADDED from src\main\AndroidManifest.xml:38:9-40:52
	android:screenOrientation
		ADDED from src\main\AndroidManifest.xml:40:13-49
	android:name
		ADDED from src\main\AndroidManifest.xml:39:13-80
activity#io.rong.imkit.plugin.location.AMapPreviewActivity
ADDED from src\main\AndroidManifest.xml:42:9-86
	android:name
		ADDED from src\main\AndroidManifest.xml:42:19-83
activity#io.rong.imkit.plugin.location.AMapPreviewActivity2D
ADDED from src\main\AndroidManifest.xml:43:9-88
	android:name
		ADDED from src\main\AndroidManifest.xml:43:19-85
activity#io.rong.imkit.plugin.location.AMapRealTimeActivity
ADDED from src\main\AndroidManifest.xml:45:9-87
	android:name
		ADDED from src\main\AndroidManifest.xml:45:19-84
activity#io.rong.imkit.plugin.location.AMapRealTimeActivity2D
ADDED from src\main\AndroidManifest.xml:46:9-89
	android:name
		ADDED from src\main\AndroidManifest.xml:46:19-86
activity#io.rong.imkit.plugin.location.SearchLocationActivity
ADDED from src\main\AndroidManifest.xml:48:9-52:71
	android:screenOrientation
		ADDED from src\main\AndroidManifest.xml:50:13-49
	android:windowSoftInputMode
		ADDED from src\main\AndroidManifest.xml:52:13-68
	android:theme
		ADDED from src\main\AndroidManifest.xml:51:13-43
	android:name
		ADDED from src\main\AndroidManifest.xml:49:13-80
activity#io.rong.imkit.plugin.image.PictureSelectorActivity
ADDED from src\main\AndroidManifest.xml:54:9-58:46
	android:screenOrientation
		ADDED from src\main\AndroidManifest.xml:57:13-49
	android:configChanges
		ADDED from src\main\AndroidManifest.xml:56:13-74
	android:theme
		ADDED from src\main\AndroidManifest.xml:58:13-43
	android:name
		ADDED from src\main\AndroidManifest.xml:55:13-78
activity#io.rong.imkit.plugin.image.PicturePreviewActivity
ADDED from src\main\AndroidManifest.xml:60:9-63:46
	android:screenOrientation
		ADDED from src\main\AndroidManifest.xml:62:13-49
	android:theme
		ADDED from src\main\AndroidManifest.xml:63:13-43
	android:name
		ADDED from src\main\AndroidManifest.xml:61:13-77
activity#io.rong.imkit.tools.RongWebviewActivity
ADDED from src\main\AndroidManifest.xml:66:9-75:20
	android:screenOrientation
		ADDED from src\main\AndroidManifest.xml:69:13-49
	android:exported
		ADDED from src\main\AndroidManifest.xml:68:13-37
	android:theme
		ADDED from src\main\AndroidManifest.xml:70:13-43
	android:name
		ADDED from src\main\AndroidManifest.xml:67:13-67
intent-filter#android.intent.category.DEFAULT+io.rong.imkit.intent.action.webview
ADDED from src\main\AndroidManifest.xml:71:13-74:29
action#io.rong.imkit.intent.action.webview
ADDED from src\main\AndroidManifest.xml:72:17-78
	android:name
		ADDED from src\main\AndroidManifest.xml:72:25-75
category#android.intent.category.DEFAULT
ADDED from src\main\AndroidManifest.xml:73:17-76
	android:name
		ADDED from src\main\AndroidManifest.xml:73:27-73
activity#io.rong.imkit.tools.CombineWebViewActivity
ADDED from src\main\AndroidManifest.xml:77:9-86:20
	android:screenOrientation
		ADDED from src\main\AndroidManifest.xml:80:13-49
	android:exported
		ADDED from src\main\AndroidManifest.xml:79:13-37
	android:theme
		ADDED from src\main\AndroidManifest.xml:81:13-43
	android:name
		ADDED from src\main\AndroidManifest.xml:78:13-70
intent-filter#android.intent.category.DEFAULT+io.rong.imkit.intent.action.combinewebview
ADDED from src\main\AndroidManifest.xml:82:13-85:29
action#io.rong.imkit.intent.action.combinewebview
ADDED from src\main\AndroidManifest.xml:83:17-85
	android:name
		ADDED from src\main\AndroidManifest.xml:83:25-82
activity#io.rong.imkit.widget.provider.TakingPicturesActivity
ADDED from src\main\AndroidManifest.xml:88:9-92:46
	android:screenOrientation
		ADDED from src\main\AndroidManifest.xml:91:13-49
	android:configChanges
		ADDED from src\main\AndroidManifest.xml:90:13-63
	android:theme
		ADDED from src\main\AndroidManifest.xml:92:13-43
	android:name
		ADDED from src\main\AndroidManifest.xml:89:13-80
activity#io.rong.imkit.activity.PicturePagerActivity
ADDED from src\main\AndroidManifest.xml:94:9-102:20
	android:exported
		ADDED from src\main\AndroidManifest.xml:96:13-37
	android:theme
		ADDED from src\main\AndroidManifest.xml:97:13-43
	android:name
		ADDED from src\main\AndroidManifest.xml:95:13-71
intent-filter#android.intent.category.DEFAULT+io.rong.imkit.intent.action.picturepagerview
ADDED from src\main\AndroidManifest.xml:98:13-101:29
action#io.rong.imkit.intent.action.picturepagerview
ADDED from src\main\AndroidManifest.xml:99:17-87
	android:name
		ADDED from src\main\AndroidManifest.xml:99:25-84
activity#io.rong.imkit.activity.CombinePicturePagerActivity
ADDED from src\main\AndroidManifest.xml:105:9-112:20
	android:exported
		ADDED from src\main\AndroidManifest.xml:107:13-37
	android:theme
		ADDED from src\main\AndroidManifest.xml:108:13-43
	android:name
		ADDED from src\main\AndroidManifest.xml:106:13-78
intent-filter#android.intent.category.DEFAULT
ADDED from src\main\AndroidManifest.xml:109:13-111:29
activity#io.rong.imkit.mention.MemberMentionedActivity
ADDED from src\main\AndroidManifest.xml:114:9-117:67
	android:windowSoftInputMode
		ADDED from src\main\AndroidManifest.xml:117:13-64
	android:configChanges
		ADDED from src\main\AndroidManifest.xml:116:13-63
	android:name
		ADDED from src\main\AndroidManifest.xml:115:13-73
activity#io.rong.imkit.activity.FileManagerActivity
ADDED from src\main\AndroidManifest.xml:118:9-120:46
	android:theme
		ADDED from src\main\AndroidManifest.xml:120:13-43
	android:name
		ADDED from src\main\AndroidManifest.xml:119:13-70
activity#io.rong.imkit.activity.FileListActivity
ADDED from src\main\AndroidManifest.xml:121:9-123:46
	android:theme
		ADDED from src\main\AndroidManifest.xml:123:13-43
	android:name
		ADDED from src\main\AndroidManifest.xml:122:13-67
activity#io.rong.imkit.activity.FilePreviewActivity
ADDED from src\main\AndroidManifest.xml:124:9-133:20
	android:screenOrientation
		ADDED from src\main\AndroidManifest.xml:127:13-49
	android:exported
		ADDED from src\main\AndroidManifest.xml:126:13-37
	android:theme
		ADDED from src\main\AndroidManifest.xml:128:13-43
	android:name
		ADDED from src\main\AndroidManifest.xml:125:13-70
intent-filter#android.intent.category.DEFAULT+io.rong.imkit.intent.action.openfile
ADDED from src\main\AndroidManifest.xml:129:13-132:29
action#io.rong.imkit.intent.action.openfile
ADDED from src\main\AndroidManifest.xml:130:17-79
	android:name
		ADDED from src\main\AndroidManifest.xml:130:25-76
activity#io.rong.imkit.activity.WebFilePreviewActivity
ADDED from src\main\AndroidManifest.xml:134:9-143:20
	android:screenOrientation
		ADDED from src\main\AndroidManifest.xml:137:13-49
	android:exported
		ADDED from src\main\AndroidManifest.xml:136:13-37
	android:theme
		ADDED from src\main\AndroidManifest.xml:138:13-43
	android:name
		ADDED from src\main\AndroidManifest.xml:135:13-73
intent-filter#android.intent.category.DEFAULT+io.rong.imkit.intent.action.openwebfile
ADDED from src\main\AndroidManifest.xml:139:13-142:29
action#io.rong.imkit.intent.action.openwebfile
ADDED from src\main\AndroidManifest.xml:140:17-82
	android:name
		ADDED from src\main\AndroidManifest.xml:140:25-79
activity#io.rong.imkit.activity.CSLeaveMessageActivity
ADDED from src\main\AndroidManifest.xml:145:9-148:52
	android:screenOrientation
		ADDED from src\main\AndroidManifest.xml:148:13-49
	android:configChanges
		ADDED from src\main\AndroidManifest.xml:147:13-63
	android:name
		ADDED from src\main\AndroidManifest.xml:146:13-60
activity#io.rong.imkit.activity.GIFPreviewActivity
ADDED from src\main\AndroidManifest.xml:150:9-158:20
	android:exported
		ADDED from src\main\AndroidManifest.xml:152:13-37
	android:theme
		ADDED from src\main\AndroidManifest.xml:153:13-71
	android:name
		ADDED from src\main\AndroidManifest.xml:151:13-69
intent-filter#android.intent.category.DEFAULT+io.rong.imkit.intent.action.gifrview
ADDED from src\main\AndroidManifest.xml:154:13-157:29
action#io.rong.imkit.intent.action.gifrview
ADDED from src\main\AndroidManifest.xml:155:17-79
	android:name
		ADDED from src\main\AndroidManifest.xml:155:25-76
activity#io.rong.imkit.activity.SelectConversationActivity
ADDED from src\main\AndroidManifest.xml:160:9-86
	android:name
		ADDED from src\main\AndroidManifest.xml:160:19-83
uses-sdk
INJECTED from src\main\AndroidManifest.xml reason: use-sdk injection requested
INJECTED from src\main\AndroidManifest.xml
INJECTED from src\main\AndroidManifest.xml
INJECTED from src\main\AndroidManifest.xml
INJECTED from src\main\AndroidManifest.xml
	android:targetSdkVersion
		INJECTED from src\main\AndroidManifest.xml
		ADDED from src\main\AndroidManifest.xml
		INJECTED from src\main\AndroidManifest.xml
	android:minSdkVersion
		INJECTED from src\main\AndroidManifest.xml
		ADDED from src\main\AndroidManifest.xml
		INJECTED from src\main\AndroidManifest.xml